#
# There is insufficient memory for the Java Runtime Environment to continue.
# Native memory allocation (mmap) failed to map 65536 bytes for Failed to commit metaspace.
# Possible reasons:
#   The system is out of physical RAM or swap space
#   The process is running with CompressedOops enabled, and the Java Heap may be blocking the growth of the native heap
# Possible solutions:
#   Reduce memory load on the system
#   Increase physical memory or swap space
#   Check if swap backing store is full
#   Decrease Java heap size (-Xmx/-Xms)
#   Decrease number of Java threads
#   Decrease Java thread stack sizes (-Xss)
#   Set larger code cache with -XX:ReservedCodeCacheSize=
#   JVM is running with Unscaled Compressed Oops mode in which the Java heap is
#     placed in the first 4GB address space. The Java Heap base address is the
#     maximum limit for the native heap growth. Please use -XX:HeapBaseMinAddress
#     to set the Java Heap base and to place the Java Heap above 4GB virtual address.
# This output file may be truncated or incomplete.
#
#  Out of Memory Error (virtualSpaceNode.cpp:110), pid=3460, tid=14232
#
# JRE version: Java(TM) SE Runtime Environment (17.0.1+12) (build 17.0.1+12-LTS-39)
# Java VM: Java HotSpot(TM) 64-Bit Server VM (17.0.1+12-LTS-39, mixed mode, sharing, tiered, compressed oops, compressed class ptrs, g1 gc, windows-amd64)
# No core dump will be written. Minidumps are not enabled by default on client versions of Windows
#

---------------  S U M M A R Y ------------

Command Line: -Dapplication.home=C:\Program Files\Java\jdk-17.0.1 --add-modules=ALL-DEFAULT -Xms8m -Djdk.module.main=jdk.compiler -Xmx512M jdk.compiler/com.sun.tools.javac.Main heart.java

Host: Intel(R) Core(TM) i7-8750H CPU @ 2.20GHz, 12 cores, 7G,  Windows 10 , 64 bit Build 19041 (10.0.19041.546)
Time: Tue Nov  8 20:16:18 2022 SE Asia Standard Time elapsed time: 0.588163 seconds (0d 0h 0m 0s)

---------------  T H R E A D  ---------------

Current thread (0x000001e75992fa40):  JavaThread "main" [_thread_in_vm, id=14232, stack(0x0000007ebe100000,0x0000007ebe200000)]

Stack: [0x0000007ebe100000,0x0000007ebe200000]
Native frames: (J=compiled Java code, j=interpreted, Vv=VM code, C=native code)
V  [jvm.dll+0x66fa1a]
V  [jvm.dll+0x7ce5a4]
V  [jvm.dll+0x7cfd4e]
V  [jvm.dll+0x7d03b3]
V  [jvm.dll+0x242b05]
V  [jvm.dll+0x7ca54b]
V  [jvm.dll+0x615b76]
V  [jvm.dll+0x1be19e]
V  [jvm.dll+0x6184b1]
V  [jvm.dll+0x616516]
V  [jvm.dll+0x2384e0]
V  [jvm.dll+0x1e87ad]
V  [jvm.dll+0x1de1f1]
V  [jvm.dll+0x537690]
V  [jvm.dll+0x7496c8]
V  [jvm.dll+0x7497b4]
V  [jvm.dll+0x408995]
V  [jvm.dll+0x40e9e8]
C  [java.dll+0x1971]

Java frames: (J=compiled Java code, j=interpreted, Vv=VM code)
j  java.lang.ClassLoader.defineClass2(Ljava/lang/ClassLoader;Ljava/lang/String;Ljava/nio/ByteBuffer;IILjava/security/ProtectionDomain;Ljava/lang/String;)Ljava/lang/Class;+0 java.base@17.0.1
j  java.lang.ClassLoader.defineClass(Ljava/lang/String;Ljava/nio/ByteBuffer;Ljava/security/ProtectionDomain;)Ljava/lang/Class;+93 java.base@17.0.1
j  java.security.SecureClassLoader.defineClass(Ljava/lang/String;Ljava/nio/ByteBuffer;Ljava/security/CodeSource;)Ljava/lang/Class;+8 java.base@17.0.1
j  jdk.internal.loader.BuiltinClassLoader.defineClass(Ljava/lang/String;Ljdk/internal/loader/BuiltinClassLoader$LoadedModule;)Ljava/lang/Class;+127 java.base@17.0.1
j  jdk.internal.loader.BuiltinClassLoader.findClassInModuleOrNull(Ljdk/internal/loader/BuiltinClassLoader$LoadedModule;Ljava/lang/String;)Ljava/lang/Class;+9 java.base@17.0.1
j  jdk.internal.loader.BuiltinClassLoader.loadClassOrNull(Ljava/lang/String;Z)Ljava/lang/Class;+55 java.base@17.0.1
j  jdk.internal.loader.BuiltinClassLoader.loadClass(Ljava/lang/String;Z)Ljava/lang/Class;+3 java.base@17.0.1
j  jdk.internal.loader.ClassLoaders$AppClassLoader.loadClass(Ljava/lang/String;Z)Ljava/lang/Class;+36 java.base@17.0.1
j  java.lang.ClassLoader.loadClass(Ljava/lang/String;)Ljava/lang/Class;+3 java.base@17.0.1
v  ~StubRoutines::call_stub
j  com.sun.tools.javac.util.JavacMessages.<init>(Lcom/sun/tools/javac/util/Context;)V+56 jdk.compiler@17.0.1
j  com.sun.tools.javac.util.JavacMessages.instance(Lcom/sun/tools/javac/util/Context;)Lcom/sun/tools/javac/util/JavacMessages;+20 jdk.compiler@17.0.1
j  com.sun.tools.javac.util.JCDiagnostic$Factory.<init>(Lcom/sun/tools/javac/util/Context;)V+2 jdk.compiler@17.0.1
j  com.sun.tools.javac.util.JCDiagnostic$Factory.instance(Lcom/sun/tools/javac/util/Context;)Lcom/sun/tools/javac/util/JCDiagnostic$Factory;+20 jdk.compiler@17.0.1
j  com.sun.tools.javac.util.Log.<init>(Lcom/sun/tools/javac/util/Context;Ljava/util/Map;)V+2 jdk.compiler@17.0.1
j  com.sun.tools.javac.util.Log.<init>(Lcom/sun/tools/javac/util/Context;)V+6 jdk.compiler@17.0.1
j  com.sun.tools.javac.util.Log.instance(Lcom/sun/tools/javac/util/Context;)Lcom/sun/tools/javac/util/Log;+20 jdk.compiler@17.0.1
j  com.sun.tools.javac.main.Main.compile([Ljava/lang/String;Lcom/sun/tools/javac/util/Context;)Lcom/sun/tools/javac/main/Main$Result;+38 jdk.compiler@17.0.1
j  com.sun.tools.javac.main.Main.compile([Ljava/lang/String;)Lcom/sun/tools/javac/main/Main$Result;+15 jdk.compiler@17.0.1
j  com.sun.tools.javac.Main.compile([Ljava/lang/String;)I+12 jdk.compiler@17.0.1
j  com.sun.tools.javac.Main.main([Ljava/lang/String;)V+1 jdk.compiler@17.0.1
v  ~StubRoutines::call_stub

---------------  P R O C E S S  ---------------

Threads class SMR info:
_java_thread_list=0x000001e775011400, length=12, elements={
0x000001e75992fa40, 0x000001e7599fcdb0, 0x000001e7599fe3c0, 0x000001e759a0e410,
0x000001e7745154d0, 0x000001e774515d90, 0x000001e774516740, 0x000001e7745174d0,
0x000001e774517f70, 0x000001e77451a970, 0x000001e774601cb0, 0x000001e775064d10
}

Java Threads: ( => current thread )
=>0x000001e75992fa40 JavaThread "main" [_thread_in_vm, id=14232, stack(0x0000007ebe100000,0x0000007ebe200000)]
  0x000001e7599fcdb0 JavaThread "Reference Handler" daemon [_thread_blocked, id=18380, stack(0x0000007ebe800000,0x0000007ebe900000)]
  0x000001e7599fe3c0 JavaThread "Finalizer" daemon [_thread_blocked, id=11356, stack(0x0000007ebe900000,0x0000007ebea00000)]
  0x000001e759a0e410 JavaThread "Signal Dispatcher" daemon [_thread_blocked, id=9308, stack(0x0000007ebea00000,0x0000007ebeb00000)]
  0x000001e7745154d0 JavaThread "Attach Listener" daemon [_thread_blocked, id=14924, stack(0x0000007ebeb00000,0x0000007ebec00000)]
  0x000001e774515d90 JavaThread "Service Thread" daemon [_thread_blocked, id=12620, stack(0x0000007ebec00000,0x0000007ebed00000)]
  0x000001e774516740 JavaThread "Monitor Deflation Thread" daemon [_thread_blocked, id=14084, stack(0x0000007ebed00000,0x0000007ebee00000)]
  0x000001e7745174d0 JavaThread "C2 CompilerThread0" daemon [_thread_blocked, id=1564, stack(0x0000007ebee00000,0x0000007ebef00000)]
  0x000001e774517f70 JavaThread "C1 CompilerThread0" daemon [_thread_blocked, id=12808, stack(0x0000007ebef00000,0x0000007ebf000000)]
  0x000001e77451a970 JavaThread "Sweeper thread" daemon [_thread_blocked, id=2616, stack(0x0000007ebf000000,0x0000007ebf100000)]
  0x000001e774601cb0 JavaThread "Common-Cleaner" daemon [_thread_blocked, id=2912, stack(0x0000007ebf100000,0x0000007ebf200000)]
  0x000001e775064d10 JavaThread "Notification Thread" daemon [_thread_blocked, id=9244, stack(0x0000007ebf200000,0x0000007ebf300000)]

Other Threads:
  0x000001e7599f45f0 VMThread "VM Thread" [stack: 0x0000007ebe700000,0x0000007ebe800000] [id=19120]
  0x000001e759989340 WatcherThread [stack: 0x0000007ebf300000,0x0000007ebf400000] [id=18844]
  0x000001e759959f20 GCTaskThread "GC Thread#0" [stack: 0x0000007ebe200000,0x0000007ebe300000] [id=8996]
  0x000001e75995ee60 ConcurrentGCThread "G1 Main Marker" [stack: 0x0000007ebe300000,0x0000007ebe400000] [id=18520]
  0x000001e75995f870 ConcurrentGCThread "G1 Conc#0" [stack: 0x0000007ebe400000,0x0000007ebe500000] [id=5356]
  0x000001e759992a30 ConcurrentGCThread "G1 Refine#0" [stack: 0x0000007ebe500000,0x0000007ebe600000] [id=12524]
  0x000001e759993450 ConcurrentGCThread "G1 Service" [stack: 0x0000007ebe600000,0x0000007ebe700000] [id=19412]

Threads with active compile tasks:

VM state: not at safepoint (normal execution)

VM Mutex/Monitor currently owned by a thread:  ([mutex/lock_event])
[0x000001e75992a9a0] Metaspace_lock - owner thread: 0x000001e75992fa40

Heap address: 0x00000000e0000000, size: 512 MB, Compressed Oops mode: 32-bit

CDS archive(s) mapped at: [0x0000000800000000-0x0000000800bc0000-0x0000000800bc0000), size 12320768, SharedBaseAddress: 0x0000000800000000, ArchiveRelocationMode: 0.
Compressed class space mapped at: 0x0000000800c00000-0x0000000840c00000, reserved size: 1073741824
Narrow klass base: 0x0000000800000000, Narrow klass shift: 0, Narrow klass range: 0x100000000

GC Precious Log:
 CPUs: 12 total, 12 available
 Memory: 8046M
 Large Page Support: Disabled
 NUMA Support: Disabled
 Compressed Oops: Enabled (32-bit)
 Heap Region Size: 1M
 Heap Min Capacity: 8M
 Heap Initial Capacity: 8M
 Heap Max Capacity: 512M
 Pre-touch: Disabled
 Parallel Workers: 10
 Concurrent Workers: 3
 Concurrent Refinement Workers: 10
 Periodic GC: Disabled

Heap:
 garbage-first heap   total 8192K, used 1024K [0x00000000e0000000, 0x0000000100000000)
  region size 1024K, 2 young (2048K), 0 survivors (0K)
 Metaspace       used 1059K, committed 1152K, reserved 1056768K
  class space    used 113K, committed 192K, reserved 1048576K

Heap Regions: E=young(eden), S=young(survivor), O=old, HS=humongous(starts), HC=humongous(continues), CS=collection set, F=free, OA=open archive, CA=closed archive, TAMS=top-at-mark-start (previous, next)
|   0|0x00000000e0000000, 0x00000000e0000000, 0x00000000e0100000|  0%| F|  |TAMS 0x00000000e0000000, 0x00000000e0000000| Untracked 
|   1|0x00000000e0100000, 0x00000000e0100000, 0x00000000e0200000|  0%| F|  |TAMS 0x00000000e0100000, 0x00000000e0100000| Untracked 
|   2|0x00000000e0200000, 0x00000000e0200000, 0x00000000e0300000|  0%| F|  |TAMS 0x00000000e0200000, 0x00000000e0200000| Untracked 
|   3|0x00000000e0300000, 0x00000000e0300000, 0x00000000e0400000|  0%| F|  |TAMS 0x00000000e0300000, 0x00000000e0300000| Untracked 
|   4|0x00000000e0400000, 0x00000000e0400000, 0x00000000e0500000|  0%| F|  |TAMS 0x00000000e0400000, 0x00000000e0400000| Untracked 
|   5|0x00000000e0500000, 0x00000000e0500000, 0x00000000e0600000|  0%| F|  |TAMS 0x00000000e0500000, 0x00000000e0500000| Untracked 
|   6|0x00000000e0600000, 0x00000000e06d4d28, 0x00000000e0700000| 83%| E|  |TAMS 0x00000000e0600000, 0x00000000e0600000| Complete 
|   7|0x00000000e0700000, 0x00000000e0800000, 0x00000000e0800000|100%| E|CS|TAMS 0x00000000e0700000, 0x00000000e0700000| Complete 

Card table byte_map: [0x000001e770790000,0x000001e770890000] _byte_map_base: 0x000001e770090000

Marking Bits (Prev, Next): (CMBitMap*) 0x000001e75995a530, (CMBitMap*) 0x000001e75995a570
 Prev Bits: [0x000001e770990000, 0x000001e771190000)
 Next Bits: [0x000001e771190000, 0x000001e771990000)

Polling page: 0x000001e757920000

Metaspace:

Usage:
  Non-class:    945.77 KB used.
      Class:    113.95 KB used.
       Both:      1.03 MB used.

Virtual space:
  Non-class space:        8.00 MB reserved,     960.00 KB ( 12%) committed,  1 nodes.
      Class space:        1.00 GB reserved,     192.00 KB ( <1%) committed,  1 nodes.
             Both:        1.01 GB reserved,       1.12 MB ( <1%) committed. 

Chunk freelists:
   Non-Class:  3.48 MB
       Class:  3.67 MB
        Both:  7.16 MB

MaxMetaspaceSize: unlimited
CompressedClassSpaceSize: 1.00 GB
Initial GC threshold: 21.00 MB
Current GC threshold: 21.00 MB
CDS: on
MetaspaceReclaimPolicy: balanced
 - commit_granule_bytes: 65536.
 - commit_granule_words: 8192.
 - virtual_space_node_default_size: 1048576.
 - enlarge_chunks_in_place: 1.
 - new_chunks_are_fully_committed: 0.
 - uncommit_free_chunks: 1.
 - use_allocation_guard: 0.
 - handle_deallocations: 1.


Internal statistics:

num_allocs_failed_limit: 0.
num_arena_births: 8.
num_arena_deaths: 0.
num_vsnodes_births: 2.
num_vsnodes_deaths: 0.
num_space_committed: 18.
num_space_uncommitted: 0.
num_chunks_returned_to_freelist: 0.
num_chunks_taken_from_freelist: 42.
num_chunk_merges: 0.
num_chunk_splits: 25.
num_chunks_enlarged: 16.
num_purges: 0.
num_inconsistent_stats: 0.

CodeHeap 'non-profiled nmethods': size=120000Kb used=81Kb max_used=81Kb free=119918Kb
 bounds [0x000001e768c10000, 0x000001e768e80000, 0x000001e770140000]
CodeHeap 'profiled nmethods': size=120000Kb used=308Kb max_used=308Kb free=119691Kb
 bounds [0x000001e7616e0000, 0x000001e761950000, 0x000001e768c10000]
CodeHeap 'non-nmethods': size=5760Kb used=1084Kb max_used=1101Kb free=4675Kb
 bounds [0x000001e761140000, 0x000001e7613b0000, 0x000001e7616e0000]
 total_blobs=614 nmethods=261 adapters=266
 compilation: enabled
              stopped_count=0, restarted_count=0
 full_count=0

Compilation events (20 events):
Event: 0.539 Thread 0x000001e774517f70  249       1       java.lang.invoke.MethodHandles$Lookup::lookupClass (5 bytes)
Event: 0.539 Thread 0x000001e774517f70 nmethod 249 0x000001e768c23b90 code [0x000001e768c23d20, 0x000001e768c23df8]
Event: 0.539 Thread 0x000001e774517f70  250       3       java.lang.invoke.MethodType$ConcurrentWeakInternSet::get (47 bytes)
Event: 0.542 Thread 0x000001e774517f70 nmethod 250 0x000001e761727910 code [0x000001e761727b40, 0x000001e761728498]
Event: 0.542 Thread 0x000001e774517f70  251       3       jdk.internal.org.objectweb.asm.SymbolTable::hash (10 bytes)
Event: 0.543 Thread 0x000001e774517f70 nmethod 251 0x000001e761728810 code [0x000001e7617289a0, 0x000001e761728ac8]
Event: 0.551 Thread 0x000001e774517f70  253       3       java.util.Arrays::equals (57 bytes)
Event: 0.552 Thread 0x000001e774517f70 nmethod 253 0x000001e761728b90 code [0x000001e761728d80, 0x000001e761729348]
Event: 0.553 Thread 0x000001e774517f70  256       3       java.lang.invoke.MethodType::equals (31 bytes)
Event: 0.553 Thread 0x000001e774517f70 nmethod 256 0x000001e761729510 code [0x000001e7617296c0, 0x000001e7617298a8]
Event: 0.556 Thread 0x000001e774517f70  257       3       java.lang.Character::charCount (12 bytes)
Event: 0.556 Thread 0x000001e774517f70 nmethod 257 0x000001e761729990 code [0x000001e761729b20, 0x000001e761729c98]
Event: 0.556 Thread 0x000001e774517f70  258   !   3       java.lang.invoke.MemberName::getMethodType (211 bytes)
Event: 0.558 Thread 0x000001e774517f70 nmethod 258 0x000001e761729d10 code [0x000001e76172a000, 0x000001e76172b5d8]
Event: 0.558 Thread 0x000001e774517f70  259       3       jdk.internal.org.objectweb.asm.Symbol::<init> (38 bytes)
Event: 0.558 Thread 0x000001e774517f70 nmethod 259 0x000001e76172bb90 code [0x000001e76172bd40, 0x000001e76172bfd8]
Event: 0.558 Thread 0x000001e774517f70  260       3       jdk.internal.org.objectweb.asm.SymbolTable::put (150 bytes)
Event: 0.559 Thread 0x000001e774517f70 nmethod 260 0x000001e76172c090 code [0x000001e76172c280, 0x000001e76172cb18]
Event: 0.559 Thread 0x000001e774517f70  261       3       java.lang.ref.Reference::<init> (25 bytes)
Event: 0.559 Thread 0x000001e774517f70 nmethod 261 0x000001e76172ce10 code [0x000001e76172cfc0, 0x000001e76172d238]

GC Heap History (0 events):
No events

Deoptimization events (16 events):
Event: 0.434 Thread 0x000001e75992fa40 Uncommon trap: trap_request=0xffffffde fr.pc=0x000001e768c1cab8 relative=0x0000000000000858
Event: 0.434 Thread 0x000001e75992fa40 Uncommon trap: reason=class_check action=maybe_recompile pc=0x000001e768c1cab8 method=java.util.HashMap.putVal(ILjava/lang/Object;Ljava/lang/Object;ZZ)Ljava/lang/Object; @ 152 c2
Event: 0.434 Thread 0x000001e75992fa40 DEOPT PACKING pc=0x000001e768c1cab8 sp=0x0000007ebe1fd930
Event: 0.434 Thread 0x000001e75992fa40 DEOPT UNPACKING pc=0x000001e7611923a3 sp=0x0000007ebe1fd8b0 mode 2
Event: 0.447 Thread 0x000001e75992fa40 Uncommon trap: trap_request=0xffffffde fr.pc=0x000001e768c1cab8 relative=0x0000000000000858
Event: 0.447 Thread 0x000001e75992fa40 Uncommon trap: reason=class_check action=maybe_recompile pc=0x000001e768c1cab8 method=java.util.HashMap.putVal(ILjava/lang/Object;Ljava/lang/Object;ZZ)Ljava/lang/Object; @ 152 c2
Event: 0.447 Thread 0x000001e75992fa40 DEOPT PACKING pc=0x000001e768c1cab8 sp=0x0000007ebe1fda40
Event: 0.447 Thread 0x000001e75992fa40 DEOPT UNPACKING pc=0x000001e7611923a3 sp=0x0000007ebe1fd9c0 mode 2
Event: 0.447 Thread 0x000001e75992fa40 Uncommon trap: trap_request=0xffffffde fr.pc=0x000001e768c1cab8 relative=0x0000000000000858
Event: 0.447 Thread 0x000001e75992fa40 Uncommon trap: reason=class_check action=maybe_recompile pc=0x000001e768c1cab8 method=java.util.HashMap.putVal(ILjava/lang/Object;Ljava/lang/Object;ZZ)Ljava/lang/Object; @ 152 c2
Event: 0.447 Thread 0x000001e75992fa40 DEOPT PACKING pc=0x000001e768c1cab8 sp=0x0000007ebe1fda40
Event: 0.447 Thread 0x000001e75992fa40 DEOPT UNPACKING pc=0x000001e7611923a3 sp=0x0000007ebe1fd9c0 mode 2
Event: 0.447 Thread 0x000001e75992fa40 Uncommon trap: trap_request=0xffffffde fr.pc=0x000001e768c1cab8 relative=0x0000000000000858
Event: 0.447 Thread 0x000001e75992fa40 Uncommon trap: reason=class_check action=maybe_recompile pc=0x000001e768c1cab8 method=java.util.HashMap.putVal(ILjava/lang/Object;Ljava/lang/Object;ZZ)Ljava/lang/Object; @ 152 c2
Event: 0.447 Thread 0x000001e75992fa40 DEOPT PACKING pc=0x000001e768c1cab8 sp=0x0000007ebe1fda40
Event: 0.447 Thread 0x000001e75992fa40 DEOPT UNPACKING pc=0x000001e7611923a3 sp=0x0000007ebe1fd9c0 mode 2

Classes unloaded (0 events):
No events

Classes redefined (0 events):
No events

Internal exceptions (0 events):
No events

VM Operations (2 events):
Event: 0.293 Executing VM operation: HandshakeAllThreads
Event: 0.293 Executing VM operation: HandshakeAllThreads done

Events (20 events):
Event: 0.496 loading class java/util/NoSuchElementException
Event: 0.497 loading class java/util/NoSuchElementException done
Event: 0.505 loading class java/util/ResourceBundle$CacheKey
Event: 0.505 loading class java/util/ResourceBundle$CacheKey done
Event: 0.505 loading class java/util/ResourceBundle$KeyElementReference
Event: 0.505 loading class java/util/ResourceBundle$CacheKeyReference
Event: 0.505 loading class java/util/ResourceBundle$CacheKeyReference done
Event: 0.505 loading class java/util/ResourceBundle$KeyElementReference done
Event: 0.506 loading class java/util/ResourceBundle$3
Event: 0.507 loading class java/util/ResourceBundle$3 done
Event: 0.515 loading class sun/security/util/SecurityConstants
Event: 0.515 loading class sun/security/util/SecurityConstants done
Event: 0.515 loading class java/net/NetPermission
Event: 0.515 loading class java/net/NetPermission done
Event: 0.515 loading class java/security/SecurityPermission
Event: 0.516 loading class java/security/SecurityPermission done
Event: 0.516 loading class java/net/SocketPermission
Event: 0.516 loading class java/net/SocketPermission done
Event: 0.537 loading class java/util/ResourceBundle$BundleReference
Event: 0.537 loading class java/util/ResourceBundle$BundleReference done


Dynamic libraries:
0x00007ff6e7740000 - 0x00007ff6e7748000 	C:\Program Files\Java\jdk-17.0.1\bin\javac.exe
0x00007ffbe6730000 - 0x00007ffbe6926000 	C:\WINDOWS\SYSTEM32\ntdll.dll
0x00007ffbe56b0000 - 0x00007ffbe576d000 	C:\WINDOWS\System32\KERNEL32.DLL
0x00007ffbe40e0000 - 0x00007ffbe43a8000 	C:\WINDOWS\System32\KERNELBASE.dll
0x00007ffbe43b0000 - 0x00007ffbe44b0000 	C:\WINDOWS\System32\ucrtbase.dll
0x00007ffbce260000 - 0x00007ffbce278000 	C:\Program Files\Java\jdk-17.0.1\bin\jli.dll
0x00007ffbcc490000 - 0x00007ffbcc4aa000 	C:\Program Files\Java\jdk-17.0.1\bin\VCRUNTIME140.dll
0x00007ffbe5960000 - 0x00007ffbe5a0c000 	C:\WINDOWS\System32\ADVAPI32.dll
0x00007ffbe5f70000 - 0x00007ffbe600e000 	C:\WINDOWS\System32\msvcrt.dll
0x00007ffbe4f10000 - 0x00007ffbe4fab000 	C:\WINDOWS\System32\sechost.dll
0x00007ffbe5e30000 - 0x00007ffbe5f53000 	C:\WINDOWS\System32\RPCRT4.dll
0x00007ffbe5c00000 - 0x00007ffbe5da0000 	C:\WINDOWS\System32\USER32.dll
0x00007ffbcdde0000 - 0x00007ffbce07b000 	C:\WINDOWS\WinSxS\amd64_microsoft.windows.common-controls_6595b64144ccf1df_6.0.19041.488_none_ca04af081b815d21\COMCTL32.dll
0x00007ffbe3e70000 - 0x00007ffbe3e92000 	C:\WINDOWS\System32\win32u.dll
0x00007ffbe5930000 - 0x00007ffbe595a000 	C:\WINDOWS\System32\GDI32.dll
0x00007ffbe3ea0000 - 0x00007ffbe3fa9000 	C:\WINDOWS\System32\gdi32full.dll
0x00007ffbe4670000 - 0x00007ffbe470d000 	C:\WINDOWS\System32\msvcp_win.dll
0x00007ffbdaad0000 - 0x00007ffbdaada000 	C:\WINDOWS\SYSTEM32\VERSION.dll
0x00007ffbe4790000 - 0x00007ffbe47c0000 	C:\WINDOWS\System32\IMM32.DLL
0x00007ffbdd900000 - 0x00007ffbdd90c000 	C:\Program Files\Java\jdk-17.0.1\bin\vcruntime140_1.dll
0x00007ffbad910000 - 0x00007ffbad99d000 	C:\Program Files\Java\jdk-17.0.1\bin\msvcp140.dll
0x00007ffb263e0000 - 0x00007ffb26f9e000 	C:\Program Files\Java\jdk-17.0.1\bin\server\jvm.dll
0x00007ffbe5770000 - 0x00007ffbe5778000 	C:\WINDOWS\System32\PSAPI.DLL
0x00007ffbb1ac0000 - 0x00007ffbb1ac9000 	C:\WINDOWS\SYSTEM32\WSOCK32.dll
0x00007ffbceb90000 - 0x00007ffbcebb7000 	C:\WINDOWS\SYSTEM32\WINMM.dll
0x00007ffbe5a10000 - 0x00007ffbe5a7b000 	C:\WINDOWS\System32\WS2_32.dll
0x00007ffbe2780000 - 0x00007ffbe2792000 	C:\WINDOWS\SYSTEM32\kernel.appcore.dll
0x00007ffbdd740000 - 0x00007ffbdd74a000 	C:\Program Files\Java\jdk-17.0.1\bin\jimage.dll
0x00007ffbe1cd0000 - 0x00007ffbe1eb4000 	C:\WINDOWS\SYSTEM32\DBGHELP.DLL
0x00007ffbc9420000 - 0x00007ffbc944c000 	C:\WINDOWS\SYSTEM32\dbgcore.DLL
0x00007ffbe4710000 - 0x00007ffbe478f000 	C:\WINDOWS\System32\bcryptPrimitives.dll
0x00007ffbc94a0000 - 0x00007ffbc94c5000 	C:\Program Files\Java\jdk-17.0.1\bin\java.dll
0x00007ffb927d0000 - 0x00007ffb928a6000 	C:\Program Files\Java\jdk-17.0.1\bin\svml.dll
0x00007ffbe47c0000 - 0x00007ffbe4f01000 	C:\WINDOWS\System32\SHELL32.dll
0x00007ffbe1ec0000 - 0x00007ffbe2655000 	C:\WINDOWS\SYSTEM32\windows.storage.dll
0x00007ffbe5080000 - 0x00007ffbe53d5000 	C:\WINDOWS\System32\combase.dll
0x00007ffbe38e0000 - 0x00007ffbe390c000 	C:\WINDOWS\SYSTEM32\Wldp.dll
0x00007ffbe6030000 - 0x00007ffbe60de000 	C:\WINDOWS\System32\SHCORE.dll
0x00007ffbe6220000 - 0x00007ffbe6275000 	C:\WINDOWS\System32\shlwapi.dll
0x00007ffbe3da0000 - 0x00007ffbe3dc6000 	C:\WINDOWS\SYSTEM32\profapi.dll

dbghelp: loaded successfully - version: 4.0.5 - missing functions: none
symbol engine: initialized successfully - sym options: 0x614 - pdb path: .;C:\Program Files\Java\jdk-17.0.1\bin;C:\WINDOWS\SYSTEM32;C:\WINDOWS\WinSxS\amd64_microsoft.windows.common-controls_6595b64144ccf1df_6.0.19041.488_none_ca04af081b815d21;C:\Program Files\Java\jdk-17.0.1\bin\server

VM Arguments:
jvm_args: -Dapplication.home=C:\Program Files\Java\jdk-17.0.1 --add-modules=ALL-DEFAULT -Xms8m -Djdk.module.main=jdk.compiler -Xmx512M 
java_command: jdk.compiler/com.sun.tools.javac.Main heart.java
java_class_path (initial): <not set>
Launcher Type: SUN_STANDARD

[Global flags]
     intx CICompilerCount                          = 4                                         {product} {ergonomic}
     uint ConcGCThreads                            = 3                                         {product} {ergonomic}
     uint G1ConcRefinementThreads                  = 10                                        {product} {ergonomic}
   size_t G1HeapRegionSize                         = 1048576                                   {product} {ergonomic}
    uintx GCDrainStackTargetSize                   = 64                                        {product} {ergonomic}
   size_t InitialHeapSize                          = 8388608                                   {product} {command line}
   size_t MarkStackSize                            = 4194304                                   {product} {ergonomic}
   size_t MaxHeapSize                              = 536870912                                 {product} {command line}
   size_t MaxNewSize                               = 321912832                                 {product} {ergonomic}
   size_t MinHeapDeltaBytes                        = 1048576                                   {product} {ergonomic}
   size_t MinHeapSize                              = 8388608                                   {product} {command line}
    uintx NonNMethodCodeHeapSize                   = 5839372                                {pd product} {ergonomic}
    uintx NonProfiledCodeHeapSize                  = 122909434                              {pd product} {ergonomic}
    uintx ProfiledCodeHeapSize                     = 122909434                              {pd product} {ergonomic}
    uintx ReservedCodeCacheSize                    = 251658240                              {pd product} {ergonomic}
     bool SegmentedCodeCache                       = true                                      {product} {ergonomic}
   size_t SoftMaxHeapSize                          = 536870912                              {manageable} {ergonomic}
     bool UseCompressedClassPointers               = true                           {product lp64_product} {ergonomic}
     bool UseCompressedOops                        = true                           {product lp64_product} {ergonomic}
     bool UseG1GC                                  = true                                      {product} {ergonomic}
     bool UseLargePagesIndividualAllocation        = false                                  {pd product} {ergonomic}

Logging:
Log output configuration:
 #0: stdout all=warning uptime,level,tags
 #1: stderr all=off uptime,level,tags

Environment Variables:
JAVA_HOME=C:\Program Files\Java\jdk-17.0.1
_JAVA_OPTIONS=-Xmx512M
PATH=C:\Program Files\Common Files\Oracle\Java\javapath;C:\Program Files (x86)\Common Files\Oracle\Java\javapath;D:\Virtual Machine\VMware Workstation\bin\;D:\Virtual Machine\bin\;C:\Program Files (x86)\Common Files\Intel\Shared Libraries\redist\intel64\compiler;C:\Windows\system32;C:\Windows;C:\Windows\System32\Wbem;C:\Windows\System32\WindowsPowerShell\v1.0\;C:\Windows\System32\OpenSSH\;C:\Program Files\NVIDIA Corporation\NVIDIA NvDLISR;C:\Program Files (x86)\NVIDIA Corporation\PhysX\Common;C:\Program Files\Microsoft SQL Server\Client SDK\ODBC\110\Tools\Binn\;C:\Program Files (x86)\Microsoft SQL Server\120\Tools\Binn\;C:\Program Files\Microsoft SQL Server\120\Tools\Binn\;C:\Program Files\Microsoft SQL Server\120\DTS\Binn\;C:\Program Files (x86)\Windows Kits\8.1\Windows Performance Toolkit\;D:\Matlab2020b\runtime\win64;D:\Matlab2020b\bin;D:\Matlab2020b\polyspace\bin;C:\Program Files\Microsoft SQL Server\130\Tools\Binn\;C:\Program Files\Microsoft SQL Server\Client SDK\ODBC\170\Tools\Binn\;C:\WINDOWS\system32;C:\WINDOWS;C:\WINDOWS\System32\Wbem;C:\WINDOWS\System32\WindowsPowerShell\v1.0\;C:\WINDOWS\System32\OpenSSH\;D:\Program Files (x86)\PICC;C:\Program Files\Microsoft SQL Server\Client SDK\ODBC\130\Tools\Binn\;C:\Program Files (x86)\Microsoft SQL Server\130\Tools\Binn\;C:\Program Files\Microsoft SQL Server\130\DTS\Binn\;C:\Program Files (x86)\Common Files\Siemens\;C:\Program Files (x86)\Common Files\Siemens\Interfaces;C:\Program Files (x86)\Common Files\Siemens\ACE\Interfaces;C:\Program Files\dotnet\;C:\Program Files (x86)\dotnet\;C:\opencv\OpenCV-MinGW-Build-OpenCV-4.1.1-x64\x64\mingw\;C:\mingw-w64\x86_64-8.1.0-posix-seh-rt_v6-rev0\mingw64\bin;C:\Program Files (x86)\NAiS MEWNET;D:\Git\Git\cmd;C:\Users\Admin\anaconda3;C:\Users\Admin\anaconda3\Library\mingw-w64\bin;C:\Users\Admin\anaconda3\Library\usr\bin;C:\Users\Admin\anaconda3\Library\bin;C:\Users\Admin\anaconda3\Scripts;C:\Users\Admin\AppData\Local\Microsoft\WindowsApps;C:\Users\Admin\AppData\Local\GitHubDesktop\bi
USERNAME=Admin
LANG=en_US.UTF-8
OS=Windows_NT
PROCESSOR_IDENTIFIER=Intel64 Family 6 Model 158 Stepping 10, GenuineIntel



---------------  S Y S T E M  ---------------

OS:
 Windows 10 , 64 bit Build 19041 (10.0.19041.546)
OS uptime: 0 days 0:44 hours

CPU: total 12 (initial active 12) (6 cores per cpu, 2 threads per core) family 6 model 158 stepping 10 microcode 0xde, cx8, cmov, fxsr, ht, mmx, 3dnowpref, sse, sse2, sse3, ssse3, sse4.1, sse4.2, popcnt, lzcnt, tsc, tscinvbit, avx, avx2, aes, erms, clmul, bmi1, bmi2, adx, fma, vzeroupper, clflush, clflushopt

Memory: 4k page, system-wide physical 8046M (1844M free)
TotalPageFile size 11848M (AvailPageFile size 173M)
current process WorkingSet (physical memory assigned to process): 33M, peak: 33M
current process commit charge ("private bytes"): 90M, peak: 90M

vm_info: Java HotSpot(TM) 64-Bit Server VM (17.0.1+12-LTS-39) for windows-amd64 JRE (17.0.1+12-LTS-39), built on Sep 27 2021 18:41:35 by "mach5one" with MS VC++ 16.8 (VS2019)

END.
